  DirectorForm.cpp
  login.cpp
  Создание кода...
c:\users\my\source\repos\project111\project1\mysqlwork.h(46): warning C4715: MySqlWorkNameSpace::MySqlWork::ExecuteQuery: значение возвращается не при всех путях выполнения
c:\users\my\source\repos\project111\project1\adduser.h(255): warning C4715: Project1::adduser::ExecuteQuery: значение возвращается не при всех путях выполнения
c:\users\my\source\repos\project111\project1\deluser.h(150): warning C4715: Project1::deluser::ExecuteQuery: значение возвращается не при всех путях выполнения
c:\users\my\source\repos\project111\project1\addteacher.h(212): warning C4715: Project1::addteacher::ExecuteQuery: значение возвращается не при всех путях выполнения
c:\users\my\source\repos\project111\project1\delteacher.h(166): warning C4715: Project1::delteacher::ExecuteQuery: значение возвращается не при всех путях выполнения
c:\users\my\source\repos\project111\project1\addclass.h(296): warning C4715: Project1::addclass::ExecuteQuery: значение возвращается не при всех путях выполнения
c:\users\my\source\repos\project111\project1\addlesson.h(144): warning C4715: Project1::addlesson::ExecuteQuery: значение возвращается не при всех путях выполнения
c:\users\my\source\repos\project111\project1\timetable.h(359): warning C4715: Project1::Timetable::ExecuteQuery: значение возвращается не при всех путях выполнения
c:\users\my\source\repos\project111\project1\lessonadd.h(191): warning C4715: Project1::lessonadd::ExecuteQuery: значение возвращается не при всех путях выполнения
c:\users\my\source\repos\project111\project1\teachform.h(281): warning C4715: Project1::TeachForm::ExecuteQuery: значение возвращается не при всех путях выполнения
c:\users\my\source\repos\project111\project1\userform.h(329): warning C4715: Project1::UserForm::ExecuteQuery: значение возвращается не при всех путях выполнения
c:\users\my\source\repos\project111\project1\myform.h(183): warning C4715: Project1::MyForm::ExecuteQuery: значение возвращается не при всех путях выполнения
c:\users\my\source\repos\project111\project1\mysqlwork.h(46): warning C4715: MySqlWorkNameSpace::MySqlWork::ExecuteQuery: значение возвращается не при всех путях выполнения
c:\users\my\source\repos\project111\project1\adduser.h(255): warning C4715: Project1::adduser::ExecuteQuery: значение возвращается не при всех путях выполнения
c:\users\my\source\repos\project111\project1\deluser.h(150): warning C4715: Project1::deluser::ExecuteQuery: значение возвращается не при всех путях выполнения
c:\users\my\source\repos\project111\project1\addteacher.h(212): warning C4715: Project1::addteacher::ExecuteQuery: значение возвращается не при всех путях выполнения
c:\users\my\source\repos\project111\project1\delteacher.h(166): warning C4715: Project1::delteacher::ExecuteQuery: значение возвращается не при всех путях выполнения
c:\users\my\source\repos\project111\project1\addclass.h(296): warning C4715: Project1::addclass::ExecuteQuery: значение возвращается не при всех путях выполнения
c:\users\my\source\repos\project111\project1\addlesson.h(144): warning C4715: Project1::addlesson::ExecuteQuery: значение возвращается не при всех путях выполнения
c:\users\my\source\repos\project111\project1\timetable.h(359): warning C4715: Project1::Timetable::ExecuteQuery: значение возвращается не при всех путях выполнения
c:\users\my\source\repos\project111\project1\lessonadd.h(191): warning C4715: Project1::lessonadd::ExecuteQuery: значение возвращается не при всех путях выполнения
  addclass.obj : обнаружен модуль MSIL; для MSIL последовательная компоновка отключена; выполняется полная компоновка
  Project1.vcxproj -> C:\Users\My\source\repos\Project111\x64\Debug\Project1.exe
